2023-10-02 09:28:26,854 [INFO] Activator:176 - 


2023-10-02 09:28:26,859 [INFO] Activator:177 - !SESSION log4j initialized
2023-10-02 09:28:31,580 [INFO] LogOutputStream:77 - [STDOUT_REDIRECT] 
2023-10-02 09:28:32,910 [INFO] ApplicationProperties:184 - Using Application install path: /opt/st/stm32cubeide_1.13.0/../../../home/joseheriberto24/.eclipse/com.st.stm32cube.ide.mcu.rcp.product_1.13.0_139062291_linux_gtk_x86_64/plugins/com.st.stm32cube.common.mx_6.9.2.202309101412
2023-10-02 09:28:32,929 [INFO] DbMcusXml:78 - Set database path to: /opt/st/stm32cubeide_1.13.0/../../../home/joseheriberto24/.eclipse/com.st.stm32cube.ide.mcu.rcp.product_1.13.0_139062291_linux_gtk_x86_64/plugins/com.st.stm32cube.common.mx_6.9.2.202309101412//db//mcu/
2023-10-02 09:28:32,929 [INFO] ApiDb:274 - Set plugin database path to: /opt/st/stm32cubeide_1.13.0/../../../home/joseheriberto24/.eclipse/com.st.stm32cube.ide.mcu.rcp.product_1.13.0_139062291_linux_gtk_x86_64/plugins/com.st.stm32cube.common.mx_6.9.2.202309101412//db//plugins/boardmanager/
2023-10-02 09:28:32,930 [WARN] ApiDb:259 - Overriding images path with different value:  => /opt/st/stm32cubeide_1.13.0/../../../home/joseheriberto24/.eclipse/com.st.stm32cube.ide.mcu.rcp.product_1.13.0_139062291_linux_gtk_x86_64/plugins/com.st.stm32cube.common.mx_6.9.2.202309101412//db//plugins/mcufinder/images/
2023-10-02 09:28:32,939 [INFO] ApiDb:250 - Set database path to: /home/joseheriberto24/.stmcufinder/plugins/mcufinder//mcu/
2023-10-02 09:28:32,940 [INFO] DbMcusAds:125 - Set database path to: /home/joseheriberto24/.stmcufinder/plugins/mcufinder//mcu/
2023-10-02 09:28:32,943 [INFO] CrossReferenceDbSqlite:203 - Set database path to: /home/joseheriberto24/.stmcufinder/plugins/mcufinder//mcu/cs/
2023-10-02 09:28:33,064 [INFO] RulesReader:64 - Compatibility file has been processed (293 Rules)
2023-10-02 09:28:33,130 [INFO] DbMcusXml:78 - Set database path to: /opt/st/stm32cubeide_1.13.0/../../../home/joseheriberto24/.eclipse/com.st.stm32cube.ide.mcu.rcp.product_1.13.0_139062291_linux_gtk_x86_64/plugins/com.st.stm32cube.common.mx_6.9.2.202309101412//db//mcu/
2023-10-02 09:28:33,131 [INFO] ApiDb:274 - Set plugin database path to: /opt/st/stm32cubeide_1.13.0/../../../home/joseheriberto24/.eclipse/com.st.stm32cube.ide.mcu.rcp.product_1.13.0_139062291_linux_gtk_x86_64/plugins/com.st.stm32cube.common.mx_6.9.2.202309101412//db//plugins/boardmanager/
2023-10-02 09:28:33,131 [INFO] ApiDb:261 - Set plugin images path to: /opt/st/stm32cubeide_1.13.0/../../../home/joseheriberto24/.eclipse/com.st.stm32cube.ide.mcu.rcp.product_1.13.0_139062291_linux_gtk_x86_64/plugins/com.st.stm32cube.common.mx_6.9.2.202309101412//db//plugins/mcufinder/images/
2023-10-02 09:28:33,131 [WARN] DbFile:41 - Overriding database path with different value: /home/joseheriberto24/.stmcufinder/plugins/mcufinder/ => /home/joseheriberto24/.stmcufinder/plugins/mcufinder
2023-10-02 09:28:33,131 [INFO] ApiDb:250 - Set database path to: /home/joseheriberto24/.stmcufinder/plugins/mcufinder//mcu/
2023-10-02 09:28:33,131 [WARN] DbFile:41 - Overriding database path with different value: /home/joseheriberto24/.stmcufinder/plugins/mcufinder/ => /home/joseheriberto24/.stmcufinder/plugins/mcufinder
2023-10-02 09:28:33,131 [INFO] DbMcusAds:125 - Set database path to: /home/joseheriberto24/.stmcufinder/plugins/mcufinder//mcu/
2023-10-02 09:28:33,132 [WARN] DbFile:41 - Overriding database path with different value: /home/joseheriberto24/.stmcufinder/plugins/mcufinder/ => /home/joseheriberto24/.stmcufinder/plugins/mcufinder
2023-10-02 09:28:33,132 [WARN] DbFile:41 - Overriding database path with different value: /home/joseheriberto24/.stmcufinder/plugins/mcufinder/ => /home/joseheriberto24/.stmcufinder/plugins/mcufinder
2023-10-02 09:28:33,132 [INFO] CrossReferenceDbSqlite:203 - Set database path to: /home/joseheriberto24/.stmcufinder/plugins/mcufinder//mcu/cs/
2023-10-02 09:28:33,195 [INFO] MainPanel:262 - HeapMemory: 268435456
2023-10-02 09:28:33,276 [INFO] DbMcusXml:78 - Set database path to: /opt/st/stm32cubeide_1.13.0/../../../home/joseheriberto24/.eclipse/com.st.stm32cube.ide.mcu.rcp.product_1.13.0_139062291_linux_gtk_x86_64/plugins/com.st.stm32cube.common.mx_6.9.2.202309101412//db//mcu/
2023-10-02 09:28:33,276 [INFO] ApiDb:274 - Set plugin database path to: /opt/st/stm32cubeide_1.13.0/../../../home/joseheriberto24/.eclipse/com.st.stm32cube.ide.mcu.rcp.product_1.13.0_139062291_linux_gtk_x86_64/plugins/com.st.stm32cube.common.mx_6.9.2.202309101412//db//plugins/boardmanager/
2023-10-02 09:28:33,277 [INFO] ApiDb:261 - Set plugin images path to: /opt/st/stm32cubeide_1.13.0/../../../home/joseheriberto24/.eclipse/com.st.stm32cube.ide.mcu.rcp.product_1.13.0_139062291_linux_gtk_x86_64/plugins/com.st.stm32cube.common.mx_6.9.2.202309101412//db//plugins/mcufinder/images/
2023-10-02 09:28:33,277 [WARN] DbFile:41 - Overriding database path with different value: /home/joseheriberto24/.stmcufinder/plugins/mcufinder/ => /home/joseheriberto24/.stmcufinder/plugins/mcufinder
2023-10-02 09:28:33,277 [INFO] ApiDb:250 - Set database path to: /home/joseheriberto24/.stmcufinder/plugins/mcufinder//mcu/
2023-10-02 09:28:33,277 [WARN] DbFile:41 - Overriding database path with different value: /home/joseheriberto24/.stmcufinder/plugins/mcufinder/ => /home/joseheriberto24/.stmcufinder/plugins/mcufinder
2023-10-02 09:28:33,277 [INFO] DbMcusAds:125 - Set database path to: /home/joseheriberto24/.stmcufinder/plugins/mcufinder//mcu/
2023-10-02 09:28:33,277 [WARN] DbFile:41 - Overriding database path with different value: /home/joseheriberto24/.stmcufinder/plugins/mcufinder/ => /home/joseheriberto24/.stmcufinder/plugins/mcufinder
2023-10-02 09:28:33,277 [WARN] DbFile:41 - Overriding database path with different value: /home/joseheriberto24/.stmcufinder/plugins/mcufinder/ => /home/joseheriberto24/.stmcufinder/plugins/mcufinder
2023-10-02 09:28:33,278 [INFO] CrossReferenceDbSqlite:203 - Set database path to: /home/joseheriberto24/.stmcufinder/plugins/mcufinder//mcu/cs/
2023-10-02 09:28:33,294 [INFO] ApplicationProperties:184 - Using Application install path: /opt/st/stm32cubeide_1.13.0/../../../home/joseheriberto24/.eclipse/com.st.stm32cube.ide.mcu.rcp.product_1.13.0_139062291_linux_gtk_x86_64/plugins/com.st.stm32cube.common.mx_6.9.2.202309101412
2023-10-02 09:28:33,296 [INFO] PluginManage:196 - Search for loadable plugins [exclusion list=, ]
2023-10-02 09:28:33,297 [INFO] PluginManage:310 - Check plugin analytics
2023-10-02 09:28:33,441 [INFO] AnalyticsPlugin:253 - Accepted Software Licenses: 
2023-10-02 09:28:33,441 [INFO] AnalyticsPlugin:255 - Accepted CMSIS Pack Licenses: STMicroelectronics.FP-SNS-MOTENV1.4.3.2,STMicroelectronics.X-CUBE-GNSS1.6.0.0,STMicroelectronics.X-CUBE-TOF1.3.3.1
2023-10-02 09:28:33,441 [INFO] AnalyticsPlugin:257 - Accepted Firmware Licenses: FW.F4.1.27.0
2023-10-02 09:28:33,445 [INFO] PluginManage:359 - Loaded plugin analytics (category:tool,tabindex:-1)
2023-10-02 09:28:33,445 [INFO] PluginManage:310 - Check plugin cadmodel
2023-10-02 09:28:33,468 [INFO] CADModel:105 - Init CAD model plugin
2023-10-02 09:28:33,469 [INFO] PluginManage:359 - Loaded plugin cadmodel (category:power,tabindex:5)
2023-10-02 09:28:33,469 [INFO] PluginManage:310 - Check plugin clock
2023-10-02 09:28:33,477 [INFO] PluginManage:359 - Loaded plugin clock (category:base,tabindex:2)
2023-10-02 09:28:33,478 [INFO] PluginManage:310 - Check plugin ddr
2023-10-02 09:28:33,479 [INFO] PluginManage:359 - Loaded plugin ddr (category:tool,tabindex:6)
2023-10-02 09:28:33,480 [INFO] PluginManage:310 - Check plugin filemanager
2023-10-02 09:28:33,586 [INFO] PluginManage:359 - Loaded plugin filemanager (category:base,tabindex:10)
2023-10-02 09:28:33,586 [INFO] PluginManage:310 - Check plugin ipmanager
2023-10-02 09:28:33,591 [INFO] PluginManage:359 - Loaded plugin ipmanager (category:base,tabindex:5)
2023-10-02 09:28:33,591 [INFO] PluginManage:310 - Check plugin lpbam
2023-10-02 09:28:33,597 [INFO] PluginManage:359 - Loaded plugin lpbam (category:base,tabindex:0)
2023-10-02 09:28:33,598 [INFO] PluginManage:310 - Check plugin memorymap
2023-10-02 09:28:33,607 [INFO] PluginManage:359 - Loaded plugin memorymap (category:base,tabindex:4)
2023-10-02 09:28:33,607 [INFO] PluginManage:310 - Check plugin pinoutandconfiguration
2023-10-02 09:28:33,611 [INFO] PluginManage:359 - Loaded plugin pinoutandconfiguration (category:base,tabindex:1)
2023-10-02 09:28:33,612 [INFO] PluginManage:310 - Check plugin pinoutconfig
2023-10-02 09:28:33,687 [WARN] SupportedApi:132 - Cannot load RTOS API schema: s4s-elt-must-match.1: The content of 'definitions' must match (annotation?, (simpleType | complexType)?, (unique | key | keyref)*)). A problem was found starting at: attribute.
2023-10-02 09:28:33,803 [INFO] PluginManage:359 - Loaded plugin pinoutconfig (category:base,tabindex:0)
2023-10-02 09:28:33,803 [INFO] PluginManage:310 - Check plugin power
2023-10-02 09:28:33,809 [INFO] PluginManage:359 - Loaded plugin power (category:power,tabindex:4)
2023-10-02 09:28:33,809 [INFO] PluginManage:310 - Check plugin projectmanager
2023-10-02 09:28:33,821 [INFO] PluginManage:359 - Loaded plugin projectmanager (category:projectmanager,tabindex:3)
2023-10-02 09:28:33,821 [INFO] PluginManage:310 - Check plugin thirdparty
2023-10-02 09:28:33,923 [WARN] IntegrityCheckThread:84 - waiting for thirdparty lock release [integrity check]
2023-10-02 09:28:33,923 [INFO] PluginManage:359 - Loaded plugin thirdparty (category:base,tabindex:-1)
2023-10-02 09:28:33,923 [INFO] IntegrityCheckThread:86 - entering critical section [integrity check]
2023-10-02 09:28:33,923 [INFO] PluginManage:310 - Check plugin tools
2023-10-02 09:28:33,924 [INFO] ThirdPartyUpdaterWithRetryManager:70 - Updater plugin not ready yet. [1/15]
2023-10-02 09:28:33,926 [INFO] PluginManage:359 - Loaded plugin tools (category:base,tabindex:7)
2023-10-02 09:28:33,926 [INFO] PluginManage:310 - Check plugin tutovideos
2023-10-02 09:28:34,076 [INFO] PluginManage:359 - Loaded plugin tutovideos (category:base,tabindex:-1)
2023-10-02 09:28:34,076 [INFO] PluginManage:310 - Check plugin updater
2023-10-02 09:28:34,084 [INFO] PluginManage:359 - Loaded plugin updater (category:base,tabindex:12)
2023-10-02 09:28:34,084 [INFO] PluginManage:310 - Check plugin userauth
2023-10-02 09:28:34,088 [INFO] UserAuth:113 - Init User Auth plugin
2023-10-02 09:28:34,089 [INFO] PluginManage:359 - Loaded plugin userauth (category:base,tabindex:14)
2023-10-02 09:28:34,089 [INFO] PluginManage:283 - PluginManage : Loaded plugins [17]
2023-10-02 09:28:34,247 [INFO] PinOutPanel:1499 - setPackage(No Configuration,No Configuration)
2023-10-02 09:28:34,353 [INFO] CADModel:165 - CPN selected for project level
2023-10-02 09:28:34,353 [INFO] CADModel:114 - Register for checkConnection events
2023-10-02 09:28:34,361 [INFO] IPUIPlugin:80 - create IPUIPlugin
2023-10-02 09:28:34,362 [INFO] PluginManager:220 - loadIPPluginJar : add tim
2023-10-02 09:28:34,363 [INFO] IPUIPlugin:80 - create IPUIPlugin
2023-10-02 09:28:34,363 [INFO] PluginManager:220 - loadIPPluginJar : add quadspi
2023-10-02 09:28:34,366 [INFO] IPUIPlugin:80 - create IPUIPlugin
2023-10-02 09:28:34,367 [INFO] PluginManager:220 - loadIPPluginJar : add gfxmmu
2023-10-02 09:28:34,369 [INFO] IPUIPlugin:80 - create IPUIPlugin
2023-10-02 09:28:34,369 [INFO] PluginManager:220 - loadIPPluginJar : add dfsdm
2023-10-02 09:28:34,372 [INFO] IPUIPlugin:80 - create IPUIPlugin
2023-10-02 09:28:34,372 [INFO] PluginManager:220 - loadIPPluginJar : add usbx
2023-10-02 09:28:34,377 [INFO] IPUIPlugin:80 - create IPUIPlugin
2023-10-02 09:28:34,378 [INFO] PluginManager:220 - loadIPPluginJar : add fmc
2023-10-02 09:28:34,380 [INFO] IPUIPlugin:80 - create IPUIPlugin
2023-10-02 09:28:34,380 [INFO] PluginManager:220 - loadIPPluginJar : add openamp
2023-10-02 09:28:34,381 [INFO] IPUIPlugin:80 - create IPUIPlugin
2023-10-02 09:28:34,381 [INFO] PluginManager:220 - loadIPPluginJar : add genericplugin
2023-10-02 09:28:34,384 [INFO] IPUIPlugin:80 - create IPUIPlugin
2023-10-02 09:28:34,384 [INFO] PluginManager:220 - loadIPPluginJar : add sai
2023-10-02 09:28:34,387 [INFO] IPUIPlugin:80 - create IPUIPlugin
2023-10-02 09:28:34,387 [INFO] PluginManager:220 - loadIPPluginJar : add ipddr
2023-10-02 09:28:34,393 [INFO] IPUIPlugin:80 - create IPUIPlugin
2023-10-02 09:28:34,393 [INFO] PluginManager:220 - loadIPPluginJar : add mdma
2023-10-02 09:28:34,398 [INFO] IPUIPlugin:80 - create IPUIPlugin
2023-10-02 09:28:34,399 [INFO] PluginManager:220 - loadIPPluginJar : add gic
2023-10-02 09:28:34,402 [INFO] IPUIPlugin:80 - create IPUIPlugin
2023-10-02 09:28:34,402 [INFO] PluginManager:220 - loadIPPluginJar : add i2s
2023-10-02 09:28:34,406 [INFO] IPUIPlugin:80 - create IPUIPlugin
2023-10-02 09:28:34,406 [INFO] PluginManager:220 - loadIPPluginJar : add resmgrutility
2023-10-02 09:28:34,411 [INFO] IPUIPlugin:80 - create IPUIPlugin
2023-10-02 09:28:34,414 [INFO] PluginManager:220 - loadIPPluginJar : add plateformsettings
2023-10-02 09:28:34,416 [INFO] IPUIPlugin:80 - create IPUIPlugin
2023-10-02 09:28:34,417 [INFO] PluginManager:220 - loadIPPluginJar : add i2c
2023-10-02 09:28:34,421 [INFO] IPUIPlugin:80 - create IPUIPlugin
2023-10-02 09:28:34,421 [INFO] PluginManager:220 - loadIPPluginJar : add nvic
2023-10-02 09:28:34,422 [INFO] IPUIPlugin:80 - create IPUIPlugin
2023-10-02 09:28:34,423 [INFO] PluginManager:220 - loadIPPluginJar : add ts
2023-10-02 09:28:34,425 [INFO] IPUIPlugin:80 - create IPUIPlugin
2023-10-02 09:28:34,425 [INFO] PluginManager:220 - loadIPPluginJar : add i3c
2023-10-02 09:28:34,429 [INFO] IPUIPlugin:80 - create IPUIPlugin
2023-10-02 09:28:34,429 [INFO] PluginManager:220 - loadIPPluginJar : add dma
2023-10-02 09:28:34,431 [INFO] IPUIPlugin:80 - create IPUIPlugin
2023-10-02 09:28:34,431 [INFO] PluginManager:220 - loadIPPluginJar : add hash
2023-10-02 09:28:34,432 [INFO] IPUIPlugin:80 - create IPUIPlugin
2023-10-02 09:28:34,432 [INFO] PluginManager:220 - loadIPPluginJar : add ucpd
2023-10-02 09:28:34,437 [INFO] IPUIPlugin:80 - create IPUIPlugin
2023-10-02 09:28:34,437 [INFO] PluginManager:220 - loadIPPluginJar : add stm32_wpan
2023-10-02 09:28:34,439 [INFO] IPUIPlugin:80 - create IPUIPlugin
2023-10-02 09:28:34,439 [INFO] PluginManager:220 - loadIPPluginJar : add usart
2023-10-02 09:28:34,441 [INFO] IPUIPlugin:80 - create IPUIPlugin
2023-10-02 09:28:34,441 [INFO] PluginManager:220 - loadIPPluginJar : add gtzc
2023-10-02 09:28:34,444 [INFO] IPUIPlugin:80 - create IPUIPlugin
2023-10-02 09:28:34,444 [INFO] PluginManager:220 - loadIPPluginJar : add gpio
2023-10-02 09:28:34,446 [INFO] IPUIPlugin:80 - create IPUIPlugin
2023-10-02 09:28:34,446 [INFO] PluginManager:220 - loadIPPluginJar : add cryp
2023-10-02 09:28:34,448 [INFO] IPUIPlugin:80 - create IPUIPlugin
2023-10-02 09:28:34,448 [INFO] PluginManager:220 - loadIPPluginJar : add aes
2023-10-02 09:28:34,449 [INFO] IPUIPlugin:80 - create IPUIPlugin
2023-10-02 09:28:34,449 [INFO] PluginManager:220 - loadIPPluginJar : add tsc
2023-10-02 09:28:34,450 [INFO] IPUIPlugin:80 - create IPUIPlugin
2023-10-02 09:28:34,450 [INFO] PluginManager:220 - loadIPPluginJar : add ltdc
2023-10-02 09:28:34,453 [INFO] IPUIPlugin:80 - create IPUIPlugin
2023-10-02 09:28:34,454 [INFO] PluginManager:220 - loadIPPluginJar : add opamp
2023-10-02 09:28:34,455 [INFO] IPUIPlugin:80 - create IPUIPlugin
2023-10-02 09:28:34,455 [INFO] PluginManager:220 - loadIPPluginJar : add fatfs
2023-10-02 09:28:34,457 [INFO] IPUIPlugin:80 - create IPUIPlugin
2023-10-02 09:28:34,457 [INFO] PluginManager:220 - loadIPPluginJar : add lorawan
2023-10-02 09:28:34,458 [INFO] IPUIPlugin:80 - create IPUIPlugin
2023-10-02 09:28:34,458 [INFO] PluginManager:220 - loadIPPluginJar : add comp
2023-10-02 09:28:34,459 [INFO] IPUIPlugin:80 - create IPUIPlugin
2023-10-02 09:28:34,460 [INFO] PluginManager:220 - loadIPPluginJar : add tracer_emb
2023-10-02 09:28:34,461 [INFO] IPUIPlugin:80 - create IPUIPlugin
2023-10-02 09:28:34,461 [INFO] PluginManager:220 - loadIPPluginJar : add spi
2023-10-02 09:28:34,463 [INFO] IPUIPlugin:80 - create IPUIPlugin
2023-10-02 09:28:34,463 [INFO] PluginManager:220 - loadIPPluginJar : add dma3
2023-10-02 09:28:34,465 [INFO] IPUIPlugin:80 - create IPUIPlugin
2023-10-02 09:28:34,465 [INFO] PluginManager:220 - loadIPPluginJar : add pdm2pcm
2023-10-02 09:28:34,467 [INFO] IPUIPlugin:80 - create IPUIPlugin
2023-10-02 09:28:34,467 [INFO] PluginManager:220 - loadIPPluginJar : add can
2023-10-02 09:28:34,470 [INFO] IPUIPlugin:80 - create IPUIPlugin
2023-10-02 09:28:34,470 [INFO] PluginManager:220 - loadIPPluginJar : add touchsensing
2023-10-02 09:28:34,475 [INFO] IPUIPlugin:80 - create IPUIPlugin
2023-10-02 09:28:34,475 [INFO] PluginManager:220 - loadIPPluginJar : add adc
2023-10-02 09:28:34,480 [INFO] IPUIPlugin:80 - create IPUIPlugin
2023-10-02 09:28:34,480 [INFO] PluginManager:220 - loadIPPluginJar : add linkedlist
2023-10-02 09:28:34,484 [INFO] IPUIPlugin:80 - create IPUIPlugin
2023-10-02 09:28:34,484 [INFO] PluginManager:220 - loadIPPluginJar : add freertos
2023-10-02 09:28:34,587 [INFO] CADModel:165 - CPN selected for project level
2023-10-02 09:28:34,587 [INFO] CADModel:114 - Register for checkConnection events
2023-10-02 09:28:34,588 [FATAL] Updater:308 - Updater called before beeing initialized
2023-10-02 09:28:34,588 [ERROR] CADModel:125 - Updater not yet initialized, retry later 
2023-10-02 09:28:34,722 [INFO] CADModel:165 - CPN selected for project level
2023-10-02 09:28:34,722 [INFO] CADModel:114 - Register for checkConnection events
2023-10-02 09:28:34,722 [FATAL] Updater:308 - Updater called before beeing initialized
2023-10-02 09:28:34,722 [ERROR] CADModel:125 - Updater not yet initialized, retry later 
2023-10-02 09:28:34,725 [FATAL] Updater:308 - Updater called before beeing initialized
2023-10-02 09:28:34,818 [FATAL] Updater:308 - Updater called before beeing initialized
2023-10-02 09:28:34,825 [INFO] DbMcusAds:53 - JSON generation date=Tue Mar 07 03:50:55 COT 2023 (1678179055114)
2023-10-02 09:28:34,825 [FATAL] Updater:308 - Updater called before beeing initialized
2023-10-02 09:28:34,858 [WARN] DetailPanel:346 - Failed to get advertising image, set to default
2023-10-02 09:28:34,940 [FATAL] Updater:308 - Updater called before beeing initialized
2023-10-02 09:28:34,941 [FATAL] Updater:308 - Updater called before beeing initialized
2023-10-02 09:28:34,941 [FATAL] Updater:308 - Updater called before beeing initialized
2023-10-02 09:28:34,942 [WARN] DetailPanel:346 - Failed to get advertising image, set to default
2023-10-02 09:28:34,942 [FATAL] Updater:308 - Updater called before beeing initialized
2023-10-02 09:28:34,973 [ERROR] Updater:1120 - MainUpdater not yet initialized. External WinMGr cannot be set.
2023-10-02 09:28:34,975 [INFO] Updater:1056 - Updater Version found : 6.9.2
2023-10-02 09:28:34,991 [INFO] ApplicationProperties:184 - Using Application install path: /opt/st/stm32cubeide_1.13.0/../../../home/joseheriberto24/.eclipse/com.st.stm32cube.ide.mcu.rcp.product_1.13.0_139062291_linux_gtk_x86_64/plugins/com.st.stm32cube.common.mx_6.9.2.202309101412
2023-10-02 09:28:35,294 [INFO] MainUpdater:2868 - connection check result : 10
2023-10-02 09:28:35,295 [INFO] MainUpdater:285 - Updater Check For Update Now.
2023-10-02 09:28:35,295 [INFO] MicroXplorer:498 - Change Database Version : DB.6.0.92
2023-10-02 09:28:35,301 [INFO] McuFinderGlobals:63 - Set McuFinder mode to 2 (CubeIDE integrated)
2023-10-02 09:28:35,480 [INFO] CheckServerUpdateThread:120 - End of CheckServer Thread
2023-10-02 09:28:37,054 [WARN] PackLoader:240 - Cannot read IP mode file for STMicroelectronics.X-CUBE-SMBUS.2.1.0
2023-10-02 09:28:37,092 [WARN] PackLoader:240 - Cannot read IP mode file for STMicroelectronics.X-CUBE-AZRTOS-F7.1.1.0
2023-10-02 09:28:37,105 [WARN] PackLoader:240 - Cannot read IP mode file for STMicroelectronics.FP-SNS-MOTENV1.4.3.2
2023-10-02 09:28:37,171 [WARN] PackLoader:240 - Cannot read IP mode file for STMicroelectronics.X-CUBE-BLE1.6.2.4
2023-10-02 09:28:37,175 [WARN] PackLoader:240 - Cannot read IP mode file for STMicroelectronics.FP-SNS-FLIGHT1.5.0.2
2023-10-02 09:28:37,183 [WARN] PackLoader:240 - Cannot read IP mode file for STMicroelectronics.X-CUBE-DISPLAY.3.0.0
2023-10-02 09:28:37,192 [WARN] PackLoader:240 - Cannot read IP mode file for STMicroelectronics.X-CUBE-BLE1.7.0.0
2023-10-02 09:28:37,196 [WARN] PackLoader:240 - Cannot read IP mode file for emotas.I-CUBE-CANOPEN.1.3.0
2023-10-02 09:28:37,199 [WARN] PackLoader:240 - Cannot read IP mode file for STMicroelectronics.X-CUBE-TOUCHGFX.4.22.0
2023-10-02 09:28:37,203 [WARN] PackLoader:240 - Cannot read IP mode file for STMicroelectronics.FP-SNS-SMARTAG2.1.2.0
2023-10-02 09:28:37,212 [INFO] LogOutputStream:77 - [STDOUT_REDIRECT] 1 : Invalid condition id : UX_CORESTACK_Condition cause : null
2023-10-02 09:28:37,213 [INFO] LogOutputStream:77 - [STDOUT_REDIRECT] 1 : Invalid condition id : UX_CORESTACK_Condition cause : null
2023-10-02 09:28:37,213 [INFO] LogOutputStream:77 - [STDOUT_REDIRECT] 1 : Invalid condition id : UX_CORESTACK_Condition cause : null
2023-10-02 09:28:37,214 [INFO] LogOutputStream:77 - [STDOUT_REDIRECT] 1 : Invalid condition id : UX_CORESTACK_Condition cause : null
2023-10-02 09:28:37,214 [INFO] LogOutputStream:77 - [STDOUT_REDIRECT] 1 : Invalid condition id : UX_CORESTACK_Condition cause : null
2023-10-02 09:28:37,217 [WARN] PackLoader:240 - Cannot read IP mode file for STMicroelectronics.X-CUBE-AZRTOS-WL.2.0.0
2023-10-02 09:28:37,224 [WARN] PackLoader:240 - Cannot read IP mode file for WES.I-CUBE-Cesium.1.3.0
2023-10-02 09:28:37,227 [WARN] PackLoader:240 - Cannot read IP mode file for STMicroelectronics.X-CUBE-BLE2.3.3.0
2023-10-02 09:28:37,232 [WARN] PackLoader:240 - Cannot read IP mode file for STMicroelectronics.X-CUBE-ALGOBUILD.1.3.0
2023-10-02 09:28:37,246 [WARN] PackLoader:240 - Cannot read IP mode file for STMicroelectronics.X-CUBE-AZRTOS-G0.1.1.0
2023-10-02 09:28:37,251 [WARN] PackLoader:240 - Cannot read IP mode file for STMicroelectronics.X-CUBE-NFC4.3.0.0
2023-10-02 09:28:37,255 [WARN] PackLoader:240 - Cannot read IP mode file for STMicroelectronics.FP-ATR-SIGFOX1.3.2.0
2023-10-02 09:28:37,278 [WARN] PackLoader:240 - Cannot read IP mode file for SEGGER.I-CUBE-embOS.1.3.1
2023-10-02 09:28:37,336 [WARN] PackLoader:240 - Cannot read IP mode file for STMicroelectronics.X-CUBE-GNSS1.6.0.0
2023-10-02 09:28:37,396 [WARN] PackLoader:240 - Cannot read IP mode file for STMicroelectronics.X-CUBE-AZRTOS-F4.1.1.0
2023-10-02 09:28:37,402 [WARN] PackLoader:240 - Cannot read IP mode file for wolfSSL.I-CUBE-wolfSSL.5.6.3
2023-10-02 09:28:37,416 [WARN] PackLoader:240 - Cannot read IP mode file for STMicroelectronics.X-CUBE-AZRTOS-L5.2.0.0
2023-10-02 09:28:37,458 [WARN] PackLoader:240 - Cannot read IP mode file for STMicroelectronics.X-CUBE-MEMS1.9.6.0
2023-10-02 09:28:37,615 [WARN] PackLoader:240 - Cannot read IP mode file for STMicroelectronics.X-CUBE-BLEMGR.2.0.0
2023-10-02 09:28:37,634 [WARN] ConditionMgr:438 - getConditionDescription Invalid condition id : UX DEVICE CLASS RTOS Condition cause : null
2023-10-02 09:28:37,634 [WARN] ConditionMgr:438 - getConditionDescription Invalid condition id : UX DEVICE CLASS RTOS Condition cause : null
2023-10-02 09:28:37,637 [WARN] PackLoader:240 - Cannot read IP mode file for STMicroelectronics.X-CUBE-AZRTOS-H7.3.1.0
2023-10-02 09:28:37,638 [WARN] ConditionMgr:1039 - genDependencies : Invalid condition id : UX DEVICE CLASS RTOS Condition cause : null
2023-10-02 09:28:37,638 [WARN] ConditionMgr:1039 - genDependencies : Invalid condition id : UX DEVICE CLASS RTOS Condition cause : null
2023-10-02 09:28:37,639 [WARN] ConditionMgr:1039 - genDependencies : Invalid condition id : UX DEVICE CLASS RTOS Condition cause : null
2023-10-02 09:28:37,640 [WARN] ConditionMgr:1039 - genDependencies : Invalid condition id : UX DEVICE CLASS RTOS Condition cause : null
2023-10-02 09:28:37,640 [WARN] ConditionMgr:1039 - genDependencies : Invalid condition id : UX DEVICE CLASS RTOS Condition cause : null
2023-10-02 09:28:37,646 [WARN] PackLoader:240 - Cannot read IP mode file for STMicroelectronics.X-CUBE-NFC7.1.0.1
2023-10-02 09:28:37,654 [WARN] PackLoader:240 - Cannot read IP mode file for STMicroelectronics.X-CUBE-NFC6.3.0.0
2023-10-02 09:28:37,662 [WARN] PackLoader:240 - Cannot read IP mode file for STMicroelectronics.X-CUBE-EEPRMA1.4.1.0
2023-10-02 09:28:37,667 [WARN] PackLoader:240 - Cannot read IP mode file for STMicroelectronics.X-CUBE-AI.8.1.0
2023-10-02 09:28:37,685 [WARN] ConditionMgr:438 - getConditionDescription Invalid condition id : LAN8742 Phy interface Condition cause : null
2023-10-02 09:28:37,686 [WARN] PackLoader:240 - Cannot read IP mode file for STMicroelectronics.X-CUBE-AZRTOS-L4.2.0.0
2023-10-02 09:28:37,688 [WARN] ConditionMgr:1039 - genDependencies : Invalid condition id : LAN8742 Phy interface Condition cause : null
2023-10-02 09:28:37,700 [WARN] ConditionMgr:1039 - genDependencies : Invalid condition id : LAN8742 Phy interface Condition cause : null
2023-10-02 09:28:37,701 [WARN] ConditionMgr:1039 - genDependencies : Invalid condition id : LAN8742 Phy interface Condition cause : null
2023-10-02 09:28:37,719 [WARN] PackLoader:240 - Cannot read IP mode file for STMicroelectronics.X-CUBE-SFXS2LP1.4.0.0
2023-10-02 09:28:37,726 [WARN] PackLoader:240 - Cannot read IP mode file for STMicroelectronics.X-CUBE-ISPU.1.1.0
2023-10-02 09:28:37,753 [WARN] ConditionMgr:438 - getConditionDescription Invalid condition id : UX DEVICE CLASS RTOS Condition cause : null
2023-10-02 09:28:37,753 [WARN] ConditionMgr:438 - getConditionDescription Invalid condition id : UX DEVICE CLASS RTOS Condition cause : null
2023-10-02 09:28:37,757 [WARN] PackLoader:240 - Cannot read IP mode file for STMicroelectronics.X-CUBE-AZRTOS-WB.2.0.0
2023-10-02 09:28:37,758 [WARN] ConditionMgr:1039 - genDependencies : Invalid condition id : UX DEVICE CLASS RTOS Condition cause : null
2023-10-02 09:28:37,758 [WARN] ConditionMgr:1039 - genDependencies : Invalid condition id : UX DEVICE CLASS RTOS Condition cause : null
2023-10-02 09:28:37,759 [WARN] ConditionMgr:1039 - genDependencies : Invalid condition id : UX DEVICE CLASS RTOS Condition cause : null
2023-10-02 09:28:37,760 [WARN] ConditionMgr:1039 - genDependencies : Invalid condition id : UX DEVICE CLASS RTOS Condition cause : null
2023-10-02 09:28:37,760 [WARN] ConditionMgr:1039 - genDependencies : Invalid condition id : UX DEVICE CLASS RTOS Condition cause : null
2023-10-02 09:28:37,767 [WARN] PackLoader:240 - Cannot read IP mode file for STMicroelectronics.X-CUBE-FREERTOS.1.0.1
2023-10-02 09:28:37,787 [WARN] PackLoader:240 - Cannot read IP mode file for STMicroelectronics.X-CUBE-AZRTOS-L5.1.1.0
2023-10-02 09:28:37,802 [WARN] PackLoader:240 - Cannot read IP mode file for STMicroelectronics.X-CUBE-AI.8.0.1
2023-10-02 09:28:37,814 [WARN] PackLoader:240 - Cannot read IP mode file for STMicroelectronics.X-CUBE-SUBG2.5.0.0
2023-10-02 09:28:37,833 [WARN] PackLoader:240 - Cannot read IP mode file for STMicroelectronics.X-CUBE-TOF1.3.3.1
2023-10-02 09:28:37,940 [WARN] PackLoader:240 - Cannot read IP mode file for STMicroelectronics.X-CUBE-AZRTOS-G4.2.0.0
2023-10-02 09:28:37,945 [WARN] PackLoader:240 - Cannot read IP mode file for STMicroelectronics.X-CUBE-FREERTOS.1.1.0
2023-10-02 09:28:37,949 [WARN] PackLoader:240 - Cannot read IP mode file for portGmbH.I-Cube-SoM-uGOAL.1.1.0
2023-10-02 09:28:37,951 [WARN] PackLoader:240 - Cannot read IP mode file for STMicroelectronics.X-CUBE-ALS.1.0.1
2023-10-02 09:28:37,964 [WARN] PackLoader:240 - Cannot read IP mode file for STMicroelectronics.X-CUBE-AZRTOS-WB.1.1.0
2023-10-02 09:28:37,968 [WARN] PackLoader:240 - Cannot read IP mode file for STMicroelectronics.FP-ATR-ASTRA1.2.0.0
2023-10-02 09:28:37,969 [INFO] ThirdParty:978 - Integrity check success = true
2023-10-02 09:28:37,969 [INFO] IntegrityCheckThread:100 - exiting critical section [integrity check]
2023-10-02 09:28:37,969 [INFO] IntegrityCheckThread:103 - End integrity checks thread
2023-10-02 09:28:40,670 [INFO] McuFinderGlobals:63 - Set McuFinder mode to 2 (CubeIDE integrated)
2023-10-02 09:28:40,674 [INFO] MainUpdater:2868 - connection check result : 10
2023-10-02 09:28:40,674 [INFO] MainUpdater:2868 - connection check result : 10
2023-10-02 09:28:40,692 [INFO] MicroXplorer:468 - Change Database Path : 
2023-10-02 09:28:40,692 [INFO] MicroXplorer:498 - Change Database Version : DB.6.0.92
2023-10-02 09:28:40,696 [WARN] ThirdParty:871 - waiting for thirdparty lock release [close project]
2023-10-02 09:28:40,696 [INFO] ThirdParty:873 - entering critical section [close project]
2023-10-02 09:28:40,697 [INFO] ThirdParty:883 - exiting critical section [close project]
2023-10-02 09:28:40,699 [INFO] PinOutPanel:1499 - setPackage(No Configuration,No Configuration)
2023-10-02 09:28:40,706 [INFO] UtilMem:75 - Begin LoadConfig() Used Memory: 175482704 Bytes (316669952)
2023-10-02 09:28:40,707 [INFO] MicroXplorer:468 - Change Database Path : 
2023-10-02 09:28:40,707 [INFO] MicroXplorer:498 - Change Database Version : DB.6.0.92
2023-10-02 09:28:40,707 [INFO] OpenFileManager:308 - Change cursor
2023-10-02 09:28:40,731 [INFO] Mcu:1946 - Initializing MCU STM32F401R(D-E)Tx STM32F401RETx STM32F401RET6
2023-10-02 09:28:41,694 [INFO] Context:659 - Trying to add GPIOservice into a context  which must be forbidden
2023-10-02 09:28:42,284 [INFO] RtosManager:555 - Registered RTOS mode: class=CMSIS, group=RTOS, mode=CMSIS_V1, owner=FREERTOS
2023-10-02 09:28:42,284 [INFO] RtosManager:555 - Registered RTOS mode: class=CMSIS, group=RTOS2, mode=CMSIS_V2, owner=FREERTOS
2023-10-02 09:28:42,284 [INFO] RtosManager:555 - Registered RTOS mode: class=RTOS, group=Core, mode=CMSIS_V1, owner=FREERTOS
2023-10-02 09:28:42,284 [INFO] RtosManager:555 - Registered RTOS mode: class=RTOS, group=Core, mode=CMSIS_V2, owner=FREERTOS
2023-10-02 09:28:42,285 [WARN] ModelIntegratedComponent:184 - Missing modes for component STMicroelectronics:FreeRTOS:0.0.1:STMicroelectronics:RTOS:FreeRTOS:Core:::10.2.0:
2023-10-02 09:28:42,297 [WARN] ModelIntegratedComponent:63 - No mode defined for component null
2023-10-02 09:28:42,297 [WARN] ModelIntegratedComponent:63 - No mode defined for component null
2023-10-02 09:28:42,297 [WARN] ModelIntegratedComponent:63 - No mode defined for component null
2023-10-02 09:28:42,297 [WARN] ModelIntegratedComponent:63 - No mode defined for component null
2023-10-02 09:28:42,297 [WARN] ModelIntegratedComponent:63 - No mode defined for component null
2023-10-02 09:28:42,297 [WARN] ModelIntegratedComponent:63 - No mode defined for component null
2023-10-02 09:28:42,297 [WARN] ModelIntegratedComponent:63 - No mode defined for component null
2023-10-02 09:28:42,297 [WARN] ModelIntegratedComponent:63 - No mode defined for component null
2023-10-02 09:28:42,297 [WARN] ModelIntegratedComponent:63 - No mode defined for component null
2023-10-02 09:28:42,297 [WARN] ModelIntegratedComponent:63 - No mode defined for component null
2023-10-02 09:28:42,298 [WARN] ModelIntegratedComponent:63 - No mode defined for component null
2023-10-02 09:28:42,298 [WARN] ModelIntegratedComponent:63 - No mode defined for component null
2023-10-02 09:28:42,298 [WARN] ModelIntegratedComponent:63 - No mode defined for component null
2023-10-02 09:28:42,298 [WARN] ModelIntegratedComponent:63 - No mode defined for component null
2023-10-02 09:28:42,298 [WARN] ModelIntegratedComponent:63 - No mode defined for component null
2023-10-02 09:28:42,298 [WARN] ModelIntegratedComponent:63 - No mode defined for component null
2023-10-02 09:28:42,298 [WARN] ModelIntegratedComponent:63 - No mode defined for component null
2023-10-02 09:28:42,298 [WARN] ModelIntegratedComponent:63 - No mode defined for component null
2023-10-02 09:28:42,298 [WARN] ModelIntegratedComponent:63 - No mode defined for component null
2023-10-02 09:28:42,298 [WARN] ModelIntegratedComponent:63 - No mode defined for component null
2023-10-02 09:28:42,298 [WARN] ModelIntegratedComponent:63 - No mode defined for component null
2023-10-02 09:28:42,298 [WARN] ModelIntegratedComponent:63 - No mode defined for component null
2023-10-02 09:28:42,298 [WARN] ModelIntegratedComponent:63 - No mode defined for component null
2023-10-02 09:28:42,298 [WARN] ModelIntegratedComponent:63 - No mode defined for component null
2023-10-02 09:28:42,298 [WARN] ModelIntegratedComponent:63 - No mode defined for component null
2023-10-02 09:28:42,298 [WARN] ModelIntegratedComponent:63 - No mode defined for component null
2023-10-02 09:28:42,298 [WARN] ModelIntegratedComponent:63 - No mode defined for component null
2023-10-02 09:28:42,299 [WARN] ModelIntegratedComponent:63 - No mode defined for component null
2023-10-02 09:28:42,299 [WARN] ModelIntegratedComponent:63 - No mode defined for component null
2023-10-02 09:28:42,299 [WARN] ModelIntegratedComponent:63 - No mode defined for component null
2023-10-02 09:28:42,299 [WARN] ModelIntegratedComponent:63 - No mode defined for component null
2023-10-02 09:28:42,299 [WARN] ModelIntegratedComponent:63 - No mode defined for component null
2023-10-02 09:28:42,299 [WARN] ModelIntegratedComponent:63 - No mode defined for component null
2023-10-02 09:28:42,322 [INFO] ThirdPartyModel:298 - Start build external matchings
2023-10-02 09:28:42,701 [INFO] ThirdPartyModel:316 - End build external matchings
2023-10-02 09:28:42,721 [INFO] ImportTextPane:194 - (OptionalMessage_ERROR) IP (DMA) : Parameter (Instance) has Id (USART2_RX) currently not set
2023-10-02 09:28:42,721 [INFO] ImportTextPane:194 - (OptionalMessage_ERROR) IP (DMA) : Parameter (Channel) has Id (USART2_RX) currently not set
2023-10-02 09:28:42,722 [INFO] ImportTextPane:194 - (OptionalMessage_ERROR) IP (DMA) : Parameter (Direction) has Id (USART2_RX) currently not set
2023-10-02 09:28:42,722 [INFO] ImportTextPane:194 - (OptionalMessage_ERROR) IP (DMA) : Parameter (PeriphInc) has Id (USART2_RX) currently not set
2023-10-02 09:28:42,722 [INFO] ImportTextPane:194 - (OptionalMessage_ERROR) IP (DMA) : Parameter (MemInc) has Id (USART2_RX) currently not set
2023-10-02 09:28:42,722 [INFO] ImportTextPane:194 - (OptionalMessage_ERROR) IP (DMA) : Parameter (PeriphDataAlignment) has Id (USART2_RX) currently not set
2023-10-02 09:28:42,722 [INFO] ImportTextPane:194 - (OptionalMessage_ERROR) IP (DMA) : Parameter (MemDataAlignment) has Id (USART2_RX) currently not set
2023-10-02 09:28:42,722 [INFO] ImportTextPane:194 - (OptionalMessage_ERROR) IP (DMA) : Parameter (Mode) has Id (USART2_RX) currently not set
2023-10-02 09:28:42,723 [INFO] ImportTextPane:194 - (OptionalMessage_ERROR) IP (DMA) : Parameter (Priority) has Id (USART2_RX) currently not set
2023-10-02 09:28:42,723 [INFO] ImportTextPane:194 - (OptionalMessage_ERROR) IP (DMA) : Parameter (FIFOMode) has Id (USART2_RX) currently not set
2023-10-02 09:28:42,723 [INFO] ImportTextPane:194 - (OptionalMessage_ERROR) IP (DMA) : Parameter (Instance) has Id (USART2_TX) currently not set
2023-10-02 09:28:42,723 [INFO] ImportTextPane:194 - (OptionalMessage_ERROR) IP (DMA) : Parameter (Channel) has Id (USART2_TX) currently not set
2023-10-02 09:28:42,723 [INFO] ImportTextPane:194 - (OptionalMessage_ERROR) IP (DMA) : Parameter (Direction) has Id (USART2_TX) currently not set
2023-10-02 09:28:42,723 [INFO] ImportTextPane:194 - (OptionalMessage_ERROR) IP (DMA) : Parameter (PeriphInc) has Id (USART2_TX) currently not set
2023-10-02 09:28:42,723 [INFO] ImportTextPane:194 - (OptionalMessage_ERROR) IP (DMA) : Parameter (MemInc) has Id (USART2_TX) currently not set
2023-10-02 09:28:42,723 [INFO] ImportTextPane:194 - (OptionalMessage_ERROR) IP (DMA) : Parameter (PeriphDataAlignment) has Id (USART2_TX) currently not set
2023-10-02 09:28:42,723 [INFO] ImportTextPane:194 - (OptionalMessage_ERROR) IP (DMA) : Parameter (MemDataAlignment) has Id (USART2_TX) currently not set
2023-10-02 09:28:42,723 [INFO] ImportTextPane:194 - (OptionalMessage_ERROR) IP (DMA) : Parameter (Mode) has Id (USART2_TX) currently not set
2023-10-02 09:28:42,723 [INFO] ImportTextPane:194 - (OptionalMessage_ERROR) IP (DMA) : Parameter (Priority) has Id (USART2_TX) currently not set
2023-10-02 09:28:42,723 [INFO] ImportTextPane:194 - (OptionalMessage_ERROR) IP (DMA) : Parameter (FIFOMode) has Id (USART2_TX) currently not set
2023-10-02 09:28:42,723 [INFO] ImportTextPane:194 - (OptionalMessage_ERROR) IP (DMA) : Parameter (Instance) has Id (TIM5_CH1) currently not set
2023-10-02 09:28:42,723 [INFO] ImportTextPane:194 - (OptionalMessage_ERROR) IP (DMA) : Parameter (Channel) has Id (TIM5_CH1) currently not set
2023-10-02 09:28:42,724 [INFO] ImportTextPane:194 - (OptionalMessage_ERROR) IP (DMA) : Parameter (Direction) has Id (TIM5_CH1) currently not set
2023-10-02 09:28:42,724 [INFO] ImportTextPane:194 - (OptionalMessage_ERROR) IP (DMA) : Parameter (PeriphInc) has Id (TIM5_CH1) currently not set
2023-10-02 09:28:42,724 [INFO] ImportTextPane:194 - (OptionalMessage_ERROR) IP (DMA) : Parameter (MemInc) has Id (TIM5_CH1) currently not set
2023-10-02 09:28:42,724 [INFO] ImportTextPane:194 - (OptionalMessage_ERROR) IP (DMA) : Parameter (PeriphDataAlignment) has Id (TIM5_CH1) currently not set
2023-10-02 09:28:42,724 [INFO] ImportTextPane:194 - (OptionalMessage_ERROR) IP (DMA) : Parameter (MemDataAlignment) has Id (TIM5_CH1) currently not set
2023-10-02 09:28:42,724 [INFO] ImportTextPane:194 - (OptionalMessage_ERROR) IP (DMA) : Parameter (Mode) has Id (TIM5_CH1) currently not set
2023-10-02 09:28:42,724 [INFO] ImportTextPane:194 - (OptionalMessage_ERROR) IP (DMA) : Parameter (Priority) has Id (TIM5_CH1) currently not set
2023-10-02 09:28:42,724 [INFO] ImportTextPane:194 - (OptionalMessage_ERROR) IP (DMA) : Parameter (FIFOMode) has Id (TIM5_CH1) currently not set
2023-10-02 09:28:42,727 [INFO] ImportTextPane:194 - (OptionalMessage_ERROR) IP (RCC) : Parameter (RTCHSEDivFreq_Value) has invalid value (4000000)
2023-10-02 09:28:42,885 [INFO] UtilMem:75 - End LoadConfig() Used Memory: 330097024 Bytes (466616320)
2023-10-02 09:28:42,984 [INFO] ApiDb:581 - Connected to CubeFinder SQLite database (/home/joseheriberto24/.stmcufinder/plugins/mcufinder/mcu/cube-finder-db.db)
2023-10-02 09:28:43,020 [INFO] ApiDb:668 - CubeFinder database Data Model version=2.1
2023-10-02 09:28:43,021 [INFO] ApiDb:669 - CubeFinder database Configuration version=3.0.37
2023-10-02 09:28:43,021 [INFO] ApiDb:670 - CubeFinder database generation date=2023-08-09 (1691586011)
2023-10-02 09:28:43,021 [INFO] ApiDb:671 - CubeFinder database FW Pack versions=[FP-ATR-ASTRA1_V2.0.0, FP-SNS-FLIGHT1_V5.0.1, FP-SNS-FLIGHT1_V5.0.2, FP-SNS-MOTENV1_V4.3.1, FP-SNS-MOTENV1_V4.3.2, STM32Cube_FW_C0_V1.1.0, STM32Cube_FW_F4_V1.27.1, STM32Cube_FW_F7_V1.17.0, STM32Cube_FW_G0_V1.6.1, STM32Cube_FW_G4_V1.5.1, STM32Cube_FW_H5_V0.5.1, STM32Cube_FW_H5_V1.1.0, STM32Cube_FW_H7_V1.11.0, STM32Cube_FW_L0_V1.12.2, STM32Cube_FW_L5_V1.5.0, STM32Cube_FW_U5_V1.3.0, STM32Cube_FW_U5_V1.3.0RC4, STM32Cube_FW_WBA_V1.0.0RC1, STM32Cube_FW_WBA_V1.1.0, STM32Cube_FW_WBA_V1.1.0RC1, STM32Cube_FW_WB_V1.15.0RC1, STM32Cube_FW_WB_V1.16.0, STM32Cube_FW_WB_V1.16.0RC2, STM32Cube_FW_WB_V1.17.0, STM32Cube_FW_WL_V1.3.0, X-CUBE-ALGOBUILD_V1.3.0, X-CUBE-ALS_V1.0.1, X-CUBE-AZRTOS-F4_V1.1.0, X-CUBE-AZRTOS-F7_V1.1.0, X-CUBE-AZRTOS-G0_V1.1.0, X-CUBE-AZRTOS-G4_V2.0.0, X-CUBE-AZRTOS-H7_V3.1.0, X-CUBE-AZRTOS-L4_V1.0.0, X-CUBE-AZRTOS-L4_V2.0.0, X-CUBE-AZRTOS-L5_V1.1.0, X-CUBE-AZRTOS-WB_V1.1.0, X-CUBE-AZRTOS-WL_V2.0.0, X-CUBE-BLE1_V7.0.0, X-CUBE-BLE2_V3.3.0, X-CUBE-BLEMGR_V2.0.0, X-CUBE-EEPRMA1_V4.1.0, X-CUBE-FREERTOS_V1.1.0, X-CUBE-GNSS1_V6.0.0, X-CUBE-MEMS1_V9.1.0, X-CUBE-MEMS1_V9.4.0, X-CUBE-MEMS1_V9.6.0, X-CUBE-NFC4_V3.0.0, X-CUBE-NFC7_V1.0.0, X-CUBE-SFXS2LP1_V4.0.0, X-CUBE-SUBG2_V5.0.0, X-CUBE-TOF1_V3.3.1]
2023-10-02 09:28:45,177 [INFO] ApiDb:240 - Found 323 in-development CPN: [B-G473E-ZEST1S, B-WB1M-WPAN1, B-WL5M-SUBG1, NUCLEO-C031C6, NUCLEO-H503RB, NUCLEO-H563ZI, NUCLEO-U545RE-Q, NUCLEO-U5A5ZJ-Q, NUCLEO-WBA52CG, STEVAL-PROTEUS1, STEVAL-SMARTAG2, STEVAL-STWINBX1, STM320518-EVAL, STM32C0116-DK, STM32C011D6Y3TR, STM32C011D6Y6TR, STM32C011F4P3, STM32C011F4P6, STM32C011F4U3, STM32C011F4U6TR, STM32C011F6P3, STM32C011F6P6, STM32C011F6U3, STM32C011F6U6TR, STM32C011J4M3, STM32C011J4M6, STM32C011J6M3, STM32C011J6M6, STM32C0316-DK, STM32C031C4T3, STM32C031C4T6, STM32C031C4U3, STM32C031C4U6, STM32C031C6T3, STM32C031C6T6, STM32C031C6U3, STM32C031C6U6, STM32C031F4P3, STM32C031F4P6, STM32C031F6P3, STM32C031F6P6, STM32C031G4U3, STM32C031G4U6, STM32C031G6U3, STM32C031G6U6, STM32C031K4T3, STM32C031K4T6, STM32C031K4U3, STM32C031K4U6, STM32C031K6T3, STM32C031K6T6, STM32C031K6U3, STM32C031K6U6, STM32G071K8TXN, STM32G071K8UXN, STM32G081GBU6N, STM32G081KBT6N, STM32G081KBUXN, STM32G0B1CCT6N, STM32G0B1KCT6, STM32G0B1NEY6TR, STM32G0B1RCT6N, STM32G0C1CCT6, STM32G0C1CCT6N, STM32G0C1CCU6N, STM32G0C1CET6N, STM32G0C1CEU6N, STM32G0C1KCT6, STM32G0C1NEY6TR, STM32G0C1RCI6N, STM32G0C1RCT6N, STM32G0C1REI6N, STM32G0C1RET6N, STM32G0C1VCI6, STM32G0C1VEI6, STM32G471CCT6, STM32G471CCU6, STM32G471CET3, STM32G471CET6, STM32G471CEU3, STM32G471CEU6, STM32G471MCT6, STM32G471MET3, STM32G471MET6, STM32G471MEY6TR, STM32G471QCT6, STM32G471QET3, STM32G471RCT6, STM32G471RET3, STM32G471RET6, STM32G471VCH6, STM32G471VCI6, STM32G471VCT6, STM32G471VEH3, STM32G471VEH6, STM32G471VEI3, STM32G471VEI6, STM32G471VET3, STM32G471VET6, STM32G474CCT6, STM32H503CBT6, STM32H503CBU6, STM32H503EBY6TR, STM32H503KBU6, STM32H503RBT6, STM32H562AGI6, STM32H562AII6, STM32H562IGK6, STM32H562IGT6, STM32H562IIK6, STM32H562IIT6, STM32H562RGT6, STM32H562RGV6, STM32H562RIT6, STM32H562RIV6, STM32H562VGT6, STM32H562VIT6, STM32H562ZGT6, STM32H562ZIT6, STM32H563AGI6, STM32H563AII3Q, STM32H563AII6, STM32H563IGK6, STM32H563IGT6, STM32H563IIK3Q, STM32H563IIK6, STM32H563IIT3Q, STM32H563IIT6, STM32H563MIY3QTR, STM32H563RGT6, STM32H563RGV6, STM32H563RIT6, STM32H563RIV6, STM32H563VGT6, STM32H563VIT3Q, STM32H563VIT6, STM32H563ZGT6, STM32H563ZIT3Q, STM32H563ZIT6, STM32H573AII3Q, STM32H573AII6, STM32H573I-DK, STM32H573IIK3Q, STM32H573IIK6, STM32H573IIT3Q, STM32H573IIT6, STM32H573MIY3QTR, STM32H573RIT6, STM32H573RIV6, STM32H573VIT3Q, STM32H573VIT6, STM32H573ZIT3Q, STM32H573ZIT6, STM32L4R5QGI6STR, STM32MP131AAE3, STM32MP131AAF3, STM32MP131AAG3, STM32MP131CAE3, STM32MP131CAF3, STM32MP131CAG3, STM32MP131DAE7, STM32MP131DAF7, STM32MP131DAG7, STM32MP131FAE7, STM32MP131FAF7, STM32MP131FAG7, STM32MP133AAE3, STM32MP133AAF3, STM32MP133AAG3, STM32MP133CAE3, STM32MP133CAF3, STM32MP133CAG3, STM32MP133DAE7, STM32MP133DAF7, STM32MP133DAG7, STM32MP133FAE7, STM32MP133FAF7, STM32MP133FAG7, STM32MP135AAE3, STM32MP135AAF3, STM32MP135AAG3, STM32MP135CAE3, STM32MP135CAF3, STM32MP135CAG3, STM32MP135DAE7, STM32MP135DAF7, STM32MP135DAG7, STM32MP135F-DK, STM32MP135FAE7, STM32MP135FAF7, STM32MP135FAF7T, STM32MP135FAF7U, STM32MP135FAG7, STM32U535CBT6, STM32U535CBT6Q, STM32U535CBU6, STM32U535CBU6Q, STM32U535CCT6, STM32U535CCT6Q, STM32U535CCU6, STM32U535CCU6Q, STM32U535CET6, STM32U535CET6Q, STM32U535CEU6, STM32U535CEU6Q, STM32U535JEY6QTR, STM32U535NCY6QTR, STM32U535NEY6QTR, STM32U535RBI6, STM32U535RBI6Q, STM32U535RBT6, STM32U535RBT6Q, STM32U535RCI6, STM32U535RCI6Q, STM32U535RCT6, STM32U535RCT6Q, STM32U535REI6, STM32U535REI6Q, STM32U535RET6, STM32U535RET6Q, STM32U535VCI6, STM32U535VCI6Q, STM32U535VCT6, STM32U535VCT6Q, STM32U535VEI6, STM32U535VEI6Q, STM32U535VET6, STM32U535VET6Q, STM32U545CET6, STM32U545CET6Q, STM32U545CEU6, STM32U545CEU6Q, STM32U545JEY6QTR, STM32U545NEY6QTR, STM32U545REI6, STM32U545REI6Q, STM32U545RET6, STM32U545RET6Q, STM32U545VEI6, STM32U545VEI6Q, STM32U545VET6, STM32U545VET6Q, STM32U595AIH6, STM32U595AIH6Q, STM32U595AJH6, STM32U595AJH6Q, STM32U595QII6, STM32U595QII6Q, STM32U595QJI6, STM32U595QJI6Q, STM32U595RIT6, STM32U595RIT6Q, STM32U595RJT6, STM32U595RJT6Q, STM32U595VIT6, STM32U595VIT6Q, STM32U595VJT6, STM32U595VJT6Q, STM32U595ZIT6, STM32U595ZIT6Q, STM32U595ZIY6QTR, STM32U595ZJT6, STM32U595ZJT6Q, STM32U595ZJY6QTR, STM32U599BJY6QTR, STM32U599NIH6Q, STM32U599NJH6Q, STM32U599VIT6Q, STM32U599VJT6, STM32U599VJT6Q, STM32U599ZIT6Q, STM32U599ZIY6QTR, STM32U599ZJT6Q, STM32U599ZJY6QTR, STM32U5A5AJH6, STM32U5A5AJH6Q, STM32U5A5QJI6, STM32U5A5QJI6Q, STM32U5A5RJT6, STM32U5A5RJT6Q, STM32U5A5VJT6, STM32U5A5VJT6Q, STM32U5A5ZJT6, STM32U5A5ZJT6Q, STM32U5A5ZJY6QTR, STM32U5A9BJY6QTR, STM32U5A9J-DK, STM32U5A9NJH6Q, STM32U5A9VJT6Q, STM32U5A9ZJT6Q, STM32U5A9ZJY6QTR, STM32U5F7VIT6, STM32U5F7VIT6Q, STM32U5F7VJT6, STM32U5F7VJT6Q, STM32U5F9BJY6QTR, STM32U5F9NJH6Q, STM32U5F9VIT6Q, STM32U5F9VJT6Q, STM32U5F9ZIJ6QTR, STM32U5F9ZIT6Q, STM32U5F9ZJJ6QTR, STM32U5F9ZJT6Q, STM32U5G7VJT6, STM32U5G7VJT6Q, STM32U5G9BJY6QTR, STM32U5G9J-DK1, STM32U5G9J-DK2, STM32U5G9NJH6Q, STM32U5G9VJT6Q, STM32U5G9ZJJ6QTR, STM32U5G9ZJT6Q, STM32WB1MMCH6, STM32WBA52CEU6, STM32WBA52CEU6T, STM32WBA52CGU6, STM32WBA52CGU6T, STM32WBA52KEU6, STM32WBA52KEU6T, STM32WBA52KGU6, STM32WBA52KGU6T, STM32WL5MOCH6, STM32WL5MOCH6TR]
2023-10-02 09:28:45,182 [INFO] DbMcus:217 - Found 3848 MCUs, 3848 are supported
2023-10-02 09:28:45,182 [INFO] ApiDb:423 - Load user favorites file /home/joseheriberto24/.stm32cubeide/favorites.mcus.txt: 0 item(s)
2023-10-02 09:28:45,182 [INFO] ApiDb:427 - User favorites MCUs=[]
2023-10-02 09:28:45,182 [INFO] DbMcus:223 - Set 0 / 0 favorites MCUs
2023-10-02 09:28:45,466 [WARN] ThirdParty:833 - waiting for thirdparty lock release [change project]
2023-10-02 09:28:45,466 [INFO] ThirdParty:835 - entering critical section [change project]
2023-10-02 09:28:45,466 [INFO] ThirdParty:1030 - CMSIS Pack Vendor :STMicroelectronics X-CUBE-ISPU 1.1.0
2023-10-02 09:28:45,467 [INFO] ThirdParty:1030 - CMSIS Pack Vendor :STMicroelectronics USBPD 4.1
2023-10-02 09:28:45,467 [INFO] ThirdParty:1030 - CMSIS Pack Vendor :STMicroelectronics X-CUBE-GNSS1 6.0.0
2023-10-02 09:28:45,467 [INFO] ThirdParty:1030 - CMSIS Pack Vendor :STMicroelectronics USB_HOST 2.0.0
2023-10-02 09:28:45,467 [INFO] ThirdParty:1030 - CMSIS Pack Vendor :STMicroelectronics X-CUBE-AZRTOS-F4 1.1.0
2023-10-02 09:28:45,467 [INFO] ThirdParty:1030 - CMSIS Pack Vendor :STMicroelectronics LIBJPEG 8.0.0
2023-10-02 09:28:45,467 [INFO] ThirdParty:1030 - CMSIS Pack Vendor :wolfSSL I-CUBE-wolfSSL 5.6.3
2023-10-02 09:28:45,467 [INFO] ThirdParty:1030 - CMSIS Pack Vendor :STMicroelectronics X-CUBE-SMBUS 2.1.0
2023-10-02 09:28:45,467 [INFO] ThirdParty:1030 - CMSIS Pack Vendor :STMicroelectronics USB_DEVICE 3.0.0
2023-10-02 09:28:45,467 [INFO] ThirdParty:1030 - CMSIS Pack Vendor :STMicroelectronics X-CUBE-AZRTOS-WB 2.0.0
2023-10-02 09:28:45,467 [INFO] ThirdParty:1030 - CMSIS Pack Vendor :STMicroelectronics X-CUBE-FREERTOS 1.0.1
2023-10-02 09:28:45,467 [INFO] ThirdParty:1030 - CMSIS Pack Vendor :STMicroelectronics X-CUBE-AZRTOS-F7 1.1.0
2023-10-02 09:28:45,467 [INFO] ThirdParty:1030 - CMSIS Pack Vendor :STMicroelectronics X-CUBE-AZRTOS-L5 2.0.0
2023-10-02 09:28:45,467 [INFO] ThirdParty:1030 - CMSIS Pack Vendor :STMicroelectronics USB_DEVICE 2.0.0
2023-10-02 09:28:45,467 [INFO] ThirdParty:1030 - CMSIS Pack Vendor :STMicroelectronics X-CUBE-MEMS1 9.6.0
2023-10-02 09:28:45,468 [INFO] ThirdParty:1030 - CMSIS Pack Vendor :STMicroelectronics FP-SNS-MOTENV1 4.3.2
2023-10-02 09:28:45,468 [INFO] ThirdParty:1030 - CMSIS Pack Vendor :STMicroelectronics X-CUBE-ALGOBUILD 1.3.0
2023-10-02 09:28:45,468 [INFO] ThirdParty:1030 - CMSIS Pack Vendor :STMicroelectronics X-CUBE-BLE1 6.2.4
2023-10-02 09:28:45,468 [INFO] ThirdParty:1030 - CMSIS Pack Vendor :STMicroelectronics X-CUBE-AZRTOS-L5 1.1.0
2023-10-02 09:28:45,468 [INFO] ThirdParty:1030 - CMSIS Pack Vendor :STMicroelectronics FreeRTOS 0.0.1
2023-10-02 09:28:45,468 [INFO] ThirdParty:1030 - CMSIS Pack Vendor :STMicroelectronics X-CUBE-AZRTOS-G0 1.1.0
2023-10-02 09:28:45,468 [INFO] ThirdParty:1030 - CMSIS Pack Vendor :STMicroelectronics X-CUBE-BLEMGR 2.0.0
2023-10-02 09:28:45,468 [INFO] ThirdParty:1030 - CMSIS Pack Vendor :STMicroelectronics X-CUBE-AI 8.0.1
2023-10-02 09:28:45,468 [INFO] ThirdParty:1030 - CMSIS Pack Vendor :STMicroelectronics X-CUBE-NFC4 3.0.0
2023-10-02 09:28:45,468 [INFO] ThirdParty:1030 - CMSIS Pack Vendor :STMicroelectronics X-CUBE-SUBG2 5.0.0
2023-10-02 09:28:45,468 [INFO] ThirdParty:1030 - CMSIS Pack Vendor :STMicroelectronics STM32_WPAN 1.0.0
2023-10-02 09:28:45,468 [INFO] ThirdParty:1030 - CMSIS Pack Vendor :STMicroelectronics lwIP 2.0.3
2023-10-02 09:28:45,468 [INFO] ThirdParty:1030 - CMSIS Pack Vendor :STMicroelectronics FP-SNS-FLIGHT1 5.0.2
2023-10-02 09:28:45,469 [INFO] ThirdParty:1030 - CMSIS Pack Vendor :STMicroelectronics USB_HOST 1.0.0
2023-10-02 09:28:45,469 [INFO] ThirdParty:1030 - CMSIS Pack Vendor :STMicroelectronics X-CUBE-TOF1 3.3.1
2023-10-02 09:28:45,469 [INFO] ThirdParty:1030 - CMSIS Pack Vendor :STMicroelectronics X-CUBE-AZRTOS-G4 2.0.0
2023-10-02 09:28:45,469 [INFO] ThirdParty:1030 - CMSIS Pack Vendor :STMicroelectronics PDM2PCM 3.1.0
2023-10-02 09:28:45,469 [INFO] ThirdParty:1030 - CMSIS Pack Vendor :STMicroelectronics X-CUBE-AZRTOS-H7 3.1.0
2023-10-02 09:28:45,469 [INFO] ThirdParty:1030 - CMSIS Pack Vendor :STMicroelectronics PDM2PCM 3.3.0
2023-10-02 09:28:45,469 [INFO] ThirdParty:1030 - CMSIS Pack Vendor :STMicroelectronics X-CUBE-DISPLAY 3.0.0
2023-10-02 09:28:45,469 [INFO] ThirdParty:1030 - CMSIS Pack Vendor :STMicroelectronics X-CUBE-BLE1 7.0.0
2023-10-02 09:28:45,469 [INFO] ThirdParty:1030 - CMSIS Pack Vendor :STMicroelectronics FP-ATR-SIGFOX1 3.2.0
2023-10-02 09:28:45,469 [INFO] ThirdParty:1030 - CMSIS Pack Vendor :STMicroelectronics HAL Drivers 0.0.0
2023-10-02 09:28:45,469 [INFO] ThirdParty:1030 - CMSIS Pack Vendor :STMicroelectronics MBEDTLS 2.16.2
2023-10-02 09:28:45,469 [INFO] ThirdParty:1030 - CMSIS Pack Vendor :emotas I-CUBE-CANOPEN 1.3.0
2023-10-02 09:28:45,469 [INFO] ThirdParty:1030 - CMSIS Pack Vendor :STMicroelectronics X-CUBE-FREERTOS 1.1.0
2023-10-02 09:28:45,469 [INFO] ThirdParty:1030 - CMSIS Pack Vendor :STMicroelectronics X-CUBE-TOUCHGFX 4.22.0
2023-10-02 09:28:45,470 [INFO] ThirdParty:1030 - CMSIS Pack Vendor :STMicroelectronics X-CUBE-NFC7 1.0.1
2023-10-02 09:28:45,470 [INFO] ThirdParty:1030 - CMSIS Pack Vendor :STMicroelectronics MBEDTLS 2.14.1
2023-10-02 09:28:45,470 [INFO] ThirdParty:1030 - CMSIS Pack Vendor :STMicroelectronics X-CUBE-NFC6 3.0.0
2023-10-02 09:28:45,470 [INFO] ThirdParty:1030 - CMSIS Pack Vendor :STMicroelectronics X-CUBE-EEPRMA1 4.1.0
2023-10-02 09:28:45,470 [INFO] ThirdParty:1030 - CMSIS Pack Vendor :portGmbH I-Cube-SoM-uGOAL 1.1.0
2023-10-02 09:28:45,470 [INFO] ThirdParty:1030 - CMSIS Pack Vendor :STMicroelectronics X-CUBE-ALS 1.0.1
2023-10-02 09:28:45,470 [INFO] ThirdParty:1030 - CMSIS Pack Vendor :STMicroelectronics ThreadX 1.0.0
2023-10-02 09:28:45,470 [INFO] ThirdParty:1030 - CMSIS Pack Vendor :STMicroelectronics FP-SNS-SMARTAG2 1.2.0
2023-10-02 09:28:45,470 [INFO] ThirdParty:1030 - CMSIS Pack Vendor :STMicroelectronics X-CUBE-AZRTOS-WB 1.1.0
2023-10-02 09:28:45,470 [INFO] ThirdParty:1030 - CMSIS Pack Vendor :STMicroelectronics X-CUBE-AZRTOS-WL 2.0.0
2023-10-02 09:28:45,470 [INFO] ThirdParty:1030 - CMSIS Pack Vendor :SEGGER I-CUBE-embOS 1.3.1
2023-10-02 09:28:45,470 [INFO] ThirdParty:1030 - CMSIS Pack Vendor :STMicroelectronics USB_DEVICE 1.0.0
2023-10-02 09:28:45,470 [INFO] ThirdParty:1030 - CMSIS Pack Vendor :STMicroelectronics X-CUBE-AI 8.1.0
2023-10-02 09:28:45,470 [INFO] ThirdParty:1030 - CMSIS Pack Vendor :STMicroelectronics X-CUBE-AZRTOS-L4 2.0.0
2023-10-02 09:28:45,471 [INFO] ThirdParty:1030 - CMSIS Pack Vendor :STMicroelectronics ThreadX 0.0.2
2023-10-02 09:28:45,471 [INFO] ThirdParty:1030 - CMSIS Pack Vendor :WES I-CUBE-Cesium 1.3.0
2023-10-02 09:28:45,471 [INFO] ThirdParty:1030 - CMSIS Pack Vendor :STMicroelectronics FP-ATR-ASTRA1 2.0.0
2023-10-02 09:28:45,471 [INFO] ThirdParty:1030 - CMSIS Pack Vendor :STMicroelectronics lwIP 2.1.2
2023-10-02 09:28:45,471 [INFO] ThirdParty:1030 - CMSIS Pack Vendor :STMicroelectronics X-CUBE-SFXS2LP1 4.0.0
2023-10-02 09:28:45,471 [INFO] ThirdParty:1030 - CMSIS Pack Vendor :STMicroelectronics X-CUBE-BLE2 3.3.0
2023-10-02 09:28:45,471 [INFO] ThirdParty:1030 - CMSIS Pack Vendor :STMicroelectronics PDM2PCM 3.2.0
2023-10-02 09:28:45,471 [INFO] ThirdParty:841 - exiting critical section [change project]
2023-10-02 09:28:45,814 [INFO] PinOutPanel:1499 - setPackage(No Configuration,No Configuration)
2023-10-02 09:28:45,815 [INFO] PinOutPanel:1499 - setPackage(STM32F401RETx,LQFP64)
2023-10-02 09:28:46,480 [INFO] UtilMem:75 - Before build in PCC Used Memory: 208554800 Bytes (466616320)
2023-10-02 09:28:47,163 [INFO] UtilMem:75 - After build in PCC Used Memory: 354831152 Bytes (466616320)
2023-10-02 09:28:47,212 [INFO] IPUIPlugin:80 - create IPUIPlugin
2023-10-02 09:28:47,213 [INFO] IPUIPlugin:80 - create IPUIPlugin
2023-10-02 09:28:47,213 [INFO] IPUIPlugin:80 - create IPUIPlugin
2023-10-02 09:28:47,213 [INFO] IPUIPlugin:80 - create IPUIPlugin
2023-10-02 09:28:47,213 [INFO] IPUIPlugin:80 - create IPUIPlugin
2023-10-02 09:28:47,214 [INFO] IPUIPlugin:80 - create IPUIPlugin
2023-10-02 09:28:47,214 [INFO] IPUIPlugin:80 - create IPUIPlugin
2023-10-02 09:28:47,214 [INFO] IPUIPlugin:80 - create IPUIPlugin
2023-10-02 09:28:47,214 [INFO] IPUIPlugin:80 - create IPUIPlugin
2023-10-02 09:28:47,214 [INFO] IPUIPlugin:80 - create IPUIPlugin
2023-10-02 09:28:47,215 [INFO] IPUIPlugin:80 - create IPUIPlugin
2023-10-02 09:28:47,215 [INFO] IPUIPlugin:80 - create IPUIPlugin
2023-10-02 09:28:47,215 [INFO] IPUIPlugin:80 - create IPUIPlugin
2023-10-02 09:28:47,215 [INFO] IPUIPlugin:80 - create IPUIPlugin
2023-10-02 09:28:47,216 [INFO] IPUIPlugin:80 - create IPUIPlugin
2023-10-02 09:28:47,216 [INFO] IPUIPlugin:80 - create IPUIPlugin
2023-10-02 09:28:47,216 [INFO] IPUIPlugin:80 - create IPUIPlugin
2023-10-02 09:28:47,217 [INFO] IPUIPlugin:80 - create IPUIPlugin
2023-10-02 09:28:47,217 [INFO] IPUIPlugin:80 - create IPUIPlugin
2023-10-02 09:28:47,217 [INFO] IPUIPlugin:80 - create IPUIPlugin
2023-10-02 09:28:47,217 [INFO] IPUIPlugin:80 - create IPUIPlugin
2023-10-02 09:28:47,218 [INFO] IPUIPlugin:80 - create IPUIPlugin
2023-10-02 09:28:47,218 [INFO] IPUIPlugin:80 - create IPUIPlugin
2023-10-02 09:28:47,218 [INFO] IPUIPlugin:80 - create IPUIPlugin
2023-10-02 09:28:47,218 [INFO] IPUIPlugin:80 - create IPUIPlugin
2023-10-02 09:28:47,218 [INFO] IPUIPlugin:80 - create IPUIPlugin
2023-10-02 09:28:47,218 [INFO] IPUIPlugin:80 - create IPUIPlugin
2023-10-02 09:28:47,218 [INFO] IPUIPlugin:80 - create IPUIPlugin
2023-10-02 09:28:47,219 [INFO] IPUIPlugin:80 - create IPUIPlugin
2023-10-02 09:28:47,219 [INFO] IPUIPlugin:80 - create IPUIPlugin
2023-10-02 09:28:47,219 [INFO] IPUIPlugin:80 - create IPUIPlugin
2023-10-02 09:28:47,219 [INFO] IPUIPlugin:80 - create IPUIPlugin
2023-10-02 09:28:47,219 [INFO] IPUIPlugin:80 - create IPUIPlugin
2023-10-02 09:28:47,219 [INFO] IPUIPlugin:80 - create IPUIPlugin
2023-10-02 09:28:47,220 [INFO] IPUIPlugin:80 - create IPUIPlugin
2023-10-02 09:28:47,220 [INFO] IPUIPlugin:80 - create IPUIPlugin
2023-10-02 09:28:47,221 [INFO] IPUIPlugin:80 - create IPUIPlugin
2023-10-02 09:28:47,221 [INFO] IPUIPlugin:80 - create IPUIPlugin
2023-10-02 09:28:47,258 [INFO] ApiDbMcu:507 - Load IP Config File for PDM2PCM
2023-10-02 09:28:47,439 [INFO] CADModel:165 - CPN selected for project levelSTM32F401RET6
2023-10-02 09:28:47,439 [INFO] CADModel:114 - Register for checkConnection events
2023-10-02 09:28:47,478 [INFO] OpenFileManager:328 - Restore cursor
2023-10-02 09:28:53,243 [ERROR] LogOutputStream:75 - [STDERR_REDIRECT] SLF4J: Failed to load class "org.slf4j.impl.StaticLoggerBinder".
2023-10-02 09:28:53,244 [ERROR] LogOutputStream:75 - [STDERR_REDIRECT] SLF4J: Defaulting to no-operation (NOP) logger implementation
2023-10-02 09:28:53,244 [ERROR] LogOutputStream:75 - [STDERR_REDIRECT] SLF4J: See http://www.slf4j.org/codes.html#StaticLoggerBinder for further details.
